#-----------------------------------------------------------
# Vivado v2020.2 (64-bit)
# SW Build 3064766 on Wed Nov 18 09:12:45 MST 2020
# IP Build 3064653 on Wed Nov 18 14:17:31 MST 2020
# Start of session at: Tue Apr 18 04:00:53 2023
# Process ID: 12020
# Current directory: C:/Users/Aquaton/Desktop/Новая папка/digital-electronics-1/project_UART/uart1
# Command line: vivado.exe -gui_launcher_event rodinguilauncherevent13692 C:\Users\Aquaton\Desktop\Новая папка\digital-electronics-1\project_UART\uart1\uart1.xpr
# Log file: C:/Users/Aquaton/Desktop/Новая папка/digital-electronics-1/project_UART/uart1/vivado.log
# Journal file: C:/Users/Aquaton/Desktop/Новая папка/digital-electronics-1/project_UART/uart1\vivado.jou
#-----------------------------------------------------------
start_gui
open_project {C:/Users/Aquaton/Desktop/Новая папка/digital-electronics-1/project_UART/uart1/uart1.xpr}
WARNING: [filemgmt 56-3] Default IP Output Path : Could not find the directory 'C:/Users/Aquaton/Desktop/Новая папка/digital-electronics-1/project_UART/uart1/uart1.gen/sources_1'.
Scanning sources...
Finished scanning sources
INFO: [IP_Flow 19-234] Refreshing IP repositories
INFO: [IP_Flow 19-1704] No user IP repositories specified
INFO: [IP_Flow 19-2313] Loaded Vivado IP repository 'C:/Xilinx/Vivado/2020.2/data/ip'.
update_compile_order -fileset sources_1
exit
INFO: [Common 17-206] Exiting Vivado at Tue Apr 18 04:02:31 2023...
