#-----------------------------------------------------------
# Vivado v2020.2 (64-bit)
# SW Build 3064766 on Wed Nov 18 09:12:45 MST 2020
# IP Build 3064653 on Wed Nov 18 14:17:31 MST 2020
# Start of session at: Sat Apr 15 12:15:43 2023
# Process ID: 1788
# Current directory: C:/Users/Aquaton/Desktop/Новая папка/digital-electronics-1/project_UART/uart1
# Command line: vivado.exe -gui_launcher_event rodinguilauncherevent6432 C:\Users\Aquaton\Desktop\Новая папка\digital-electronics-1\project_UART\uart1\uart1.xpr
# Log file: C:/Users/Aquaton/Desktop/Новая папка/digital-electronics-1/project_UART/uart1/vivado.log
# Journal file: C:/Users/Aquaton/Desktop/Новая папка/digital-electronics-1/project_UART/uart1\vivado.jou
#-----------------------------------------------------------
start_gui
open_project {C:/Users/Aquaton/Desktop/Новая папка/digital-electronics-1/project_UART/uart1/uart1.xpr}
INFO: [Project 1-313] Project file moved from 'C:/Users/xshapo02/Documents/digital-electronics-1/project_UART/uart1' since last save.
WARNING: [filemgmt 56-2] Default IP Output Path : Could not find the directory 'C:/Users/Aquaton/Desktop/Новая папка/digital-electronics-1/project_UART/uart1/uart1.gen/sources_1', nor could it be found using path 'C:/Users/xshapo02/Documents/digital-electronics-1/project_UART/uart1/uart1.gen/sources_1'.
WARNING: [filemgmt 56-2] IPUserFilesDir: Could not find the directory 'C:/Users/Aquaton/Desktop/Новая папка/digital-electronics-1/project_UART/uart1/uart1.ip_user_files', nor could it be found using path 'C:/Users/xshapo02/Documents/digital-electronics-1/project_UART/uart1/uart1.ip_user_files'.
Scanning sources...
Finished scanning sources
CRITICAL WARNING: [Board 49-67] The board_part definition was not found for digilentinc.com:nexys-a7-50t:part0:1.2. This can happen sometimes when you use custom board part. You can resolve this issue by setting 'board.repoPaths' parameter, pointing to the location of custom board files. Valid board_part values can be retrieved with the 'get_board_parts' Tcl command.
INFO: [IP_Flow 19-234] Refreshing IP repositories
INFO: [IP_Flow 19-1704] No user IP repositories specified
INFO: [IP_Flow 19-2313] Loaded Vivado IP repository 'C:/Xilinx/Vivado/2020.2/data/ip'.
update_compile_order -fileset sources_1
file mkdir C:/Users/Aquaton/Desktop/Новая папка/digital-electronics-1/project_UART/uart1/uart1.srcs/constrs_1
file mkdir C:/Users/Aquaton/Desktop/Новая папка/digital-electronics-1/project_UART/uart1/uart1.srcs/constrs_1
file mkdir C:/Users/Aquaton/Desktop/Новая папка/digital-electronics-1/project_UART/uart1/uart1.srcs/constrs_1/new
file mkdir C:/Users/Aquaton/Desktop/Новая папка/digital-electronics-1/project_UART/uart1/uart1.srcs/constrs_1/new
file mkdir C:/Users/Aquaton/Desktop/Новая папка/digital-electronics-1/project_UART/uart1/uart1.srcs/constrs_1/new
file mkdir C:/Users/Aquaton/Desktop/Новая папка/digital-electronics-1/project_UART/uart1/uart1.srcs/constrs_1/new
file mkdir C:/Users/Aquaton/Desktop/Новая папка/digital-electronics-1/project_UART/uart1/uart1.srcs/constrs_1
file mkdir {C:/Users/Aquaton/Desktop/Новая папка/digital-electronics-1/project_UART/uart1/uart1.srcs/constrs_1/new}
close [ open {C:/Users/Aquaton/Desktop/Новая папка/digital-electronics-1/project_UART/uart1/uart1.srcs/constrs_1/new/nexys a7-50t.xdc} w ]
add_files -fileset constrs_1 {{C:/Users/Aquaton/Desktop/Новая папка/digital-electronics-1/project_UART/uart1/uart1.srcs/constrs_1/new/nexys a7-50t.xdc}}
export_ip_user_files -of_objects  [get_files {{C:/Users/Aquaton/Desktop/Новая папка/digital-electronics-1/project_UART/uart1/uart1.srcs/sources_1/new/baud.vhd}}] -no_script -reset -force -quiet
remove_files  {{C:/Users/Aquaton/Desktop/Новая папка/digital-electronics-1/project_UART/uart1/uart1.srcs/sources_1/new/baud.vhd}}
add_files -norecurse {{C:/Users/Aquaton/Desktop/Новая папка/digital-electronics-1/project_UART/uart1/uart1.srcs/sources_1/new/baud.vhd}}
update_compile_order -fileset sources_1
export_ip_user_files -of_objects  [get_files {{C:/Users/Aquaton/Desktop/Новая папка/digital-electronics-1/project_UART/uart1/uart1.srcs/sources_1/new/baud.vhd}}] -no_script -reset -force -quiet
remove_files  {{C:/Users/Aquaton/Desktop/Новая папка/digital-electronics-1/project_UART/uart1/uart1.srcs/sources_1/new/baud.vhd}}
add_files -norecurse {{C:/Users/Aquaton/Desktop/Новая папка/digital-electronics-1/project_UART/uart1/uart1.srcs/sources_1/new/baud.vhd}}
update_compile_order -fileset sources_1
export_ip_user_files -of_objects  [get_files {{C:/Users/Aquaton/Desktop/Новая папка/digital-electronics-1/project_UART/uart1/uart1.srcs/sources_1/new/baud.vhd}}] -no_script -reset -force -quiet
remove_files  {{C:/Users/Aquaton/Desktop/Новая папка/digital-electronics-1/project_UART/uart1/uart1.srcs/sources_1/new/baud.vhd}}
add_files -norecurse {{C:/Users/Aquaton/Desktop/Новая папка/digital-electronics-1/project_UART/uart1/uart1.srcs/sources_1/new/baud.vhd}}
update_compile_order -fileset sources_1
export_ip_user_files -of_objects  [get_files {{C:/Users/Aquaton/Desktop/Новая папка/digital-electronics-1/project_UART/uart1/uart1.srcs/sources_1/new/baud.vhd}}] -no_script -reset -force -quiet
remove_files  {{C:/Users/Aquaton/Desktop/Новая папка/digital-electronics-1/project_UART/uart1/uart1.srcs/sources_1/new/baud.vhd}}
add_files -norecurse {{C:/Users/Aquaton/Desktop/Новая папка/digital-electronics-1/project_UART/uart1/uart1.srcs/sources_1/new/baud.vhd}}
update_compile_order -fileset sources_1
export_ip_user_files -of_objects  [get_files {{C:/Users/Aquaton/Desktop/Новая папка/digital-electronics-1/project_UART/uart1/uart1.srcs/sources_1/new/baud.vhd}}] -no_script -reset -force -quiet
remove_files  {{C:/Users/Aquaton/Desktop/Новая папка/digital-electronics-1/project_UART/uart1/uart1.srcs/sources_1/new/baud.vhd}}
file delete -force {C:/Users/Aquaton/Desktop/Новая папка/digital-electronics-1/project_UART/uart1/uart1.srcs/sources_1/new/baud.vhd}
add_files -norecurse {{C:/Users/Aquaton/Desktop/Новая папка/digital-electronics-1/project_UART/uart1/uart1.srcs/sources_1/new/baud.vhd}}
update_compile_order -fileset sources_1
WARNING: [filemgmt 56-199] Attempt to get parsing info during refresh. "On-the-fly" syntax checking information may be incorrect. [C:\Users\Aquaton\Desktop\Новая папка\digital-electronics-1\project_UART\uart1\uart1.srcs\sources_1\new\UART.vhd:]
WARNING: [filemgmt 56-199] Attempt to get parsing info during refresh. "On-the-fly" syntax checking information may be incorrect. [C:\Users\Aquaton\Desktop\Новая папка\digital-electronics-1\project_UART\uart1\uart1.srcs\sources_1\new\Receiver.vhd:]
WARNING: [filemgmt 56-199] Attempt to get parsing info during refresh. "On-the-fly" syntax checking information may be incorrect. [C:\Users\Aquaton\Desktop\Новая папка\digital-electronics-1\project_UART\uart1\uart1.srcs\sources_1\new\baud.vhd:]
WARNING: [filemgmt 56-199] Attempt to get parsing info during refresh. "On-the-fly" syntax checking information may be incorrect. [C:\Users\Aquaton\Desktop\Новая папка\digital-electronics-1\project_UART\uart1\uart1.srcs\sources_1\new\Nexys_FPGA.vhd:]
WARNING: [filemgmt 56-199] Attempt to get parsing info during refresh. "On-the-fly" syntax checking information may be incorrect. [C:\Users\Aquaton\Desktop\Новая папка\digital-electronics-1\project_UART\uart1\uart1.srcs\sources_1\new\Transmitter.vhd:]
WARNING: [filemgmt 56-199] Attempt to get parsing info during refresh. "On-the-fly" syntax checking information may be incorrect. [C:\Users\Aquaton\Desktop\Новая папка\digital-electronics-1\project_UART\uart1\uart1.srcs\sources_1\new\UART.vhd:]
WARNING: [filemgmt 56-199] Attempt to get parsing info during refresh. "On-the-fly" syntax checking information may be incorrect. [C:\Users\Aquaton\Desktop\Новая папка\digital-electronics-1\project_UART\uart1\uart1.srcs\sources_1\new\Receiver.vhd:]
WARNING: [filemgmt 56-199] Attempt to get parsing info during refresh. "On-the-fly" syntax checking information may be incorrect. [C:\Users\Aquaton\Desktop\Новая папка\digital-electronics-1\project_UART\uart1\uart1.srcs\sources_1\new\baud.vhd:]
WARNING: [filemgmt 56-199] Attempt to get parsing info during refresh. "On-the-fly" syntax checking information may be incorrect. [C:\Users\Aquaton\Desktop\Новая папка\digital-electronics-1\project_UART\uart1\uart1.srcs\sources_1\new\Nexys_FPGA.vhd:]
WARNING: [filemgmt 56-199] Attempt to get parsing info during refresh. "On-the-fly" syntax checking information may be incorrect. [C:\Users\Aquaton\Desktop\Новая папка\digital-electronics-1\project_UART\uart1\uart1.srcs\sources_1\new\Transmitter.vhd:]
WARNING: [filemgmt 56-199] Attempt to get parsing info during refresh. "On-the-fly" syntax checking information may be incorrect. [C:\Users\Aquaton\Desktop\Новая папка\digital-electronics-1\project_UART\uart1\uart1.srcs\sources_1\new\UART.vhd:]
WARNING: [filemgmt 56-199] Attempt to get parsing info during refresh. "On-the-fly" syntax checking information may be incorrect. [C:\Users\Aquaton\Desktop\Новая папка\digital-electronics-1\project_UART\uart1\uart1.srcs\sources_1\new\Receiver.vhd:]
WARNING: [filemgmt 56-199] Attempt to get parsing info during refresh. "On-the-fly" syntax checking information may be incorrect. [C:\Users\Aquaton\Desktop\Новая папка\digital-electronics-1\project_UART\uart1\uart1.srcs\sources_1\new\baud.vhd:]
WARNING: [filemgmt 56-199] Attempt to get parsing info during refresh. "On-the-fly" syntax checking information may be incorrect. [C:\Users\Aquaton\Desktop\Новая папка\digital-electronics-1\project_UART\uart1\uart1.srcs\sources_1\new\Nexys_FPGA.vhd:]
WARNING: [filemgmt 56-199] Attempt to get parsing info during refresh. "On-the-fly" syntax checking information may be incorrect. [C:\Users\Aquaton\Desktop\Новая папка\digital-electronics-1\project_UART\uart1\uart1.srcs\sources_1\new\Transmitter.vhd:]
WARNING: [filemgmt 56-199] Attempt to get parsing info during refresh. "On-the-fly" syntax checking information may be incorrect. [C:\Users\Aquaton\Desktop\Новая папка\digital-electronics-1\project_UART\uart1\uart1.srcs\sources_1\new\UART.vhd:]
WARNING: [filemgmt 56-199] Attempt to get parsing info during refresh. "On-the-fly" syntax checking information may be incorrect. [C:\Users\Aquaton\Desktop\Новая папка\digital-electronics-1\project_UART\uart1\uart1.srcs\sources_1\new\Receiver.vhd:]
WARNING: [filemgmt 56-199] Attempt to get parsing info during refresh. "On-the-fly" syntax checking information may be incorrect. [C:\Users\Aquaton\Desktop\Новая папка\digital-electronics-1\project_UART\uart1\uart1.srcs\sources_1\new\baud.vhd:]
WARNING: [filemgmt 56-199] Attempt to get parsing info during refresh. "On-the-fly" syntax checking information may be incorrect. [C:\Users\Aquaton\Desktop\Новая папка\digital-electronics-1\project_UART\uart1\uart1.srcs\sources_1\new\Nexys_FPGA.vhd:]
WARNING: [filemgmt 56-199] Attempt to get parsing info during refresh. "On-the-fly" syntax checking information may be incorrect. [C:\Users\Aquaton\Desktop\Новая папка\digital-electronics-1\project_UART\uart1\uart1.srcs\sources_1\new\Transmitter.vhd:]
WARNING: [filemgmt 56-199] Attempt to get parsing info during refresh. "On-the-fly" syntax checking information may be incorrect. [C:\Users\Aquaton\Desktop\Новая папка\digital-electronics-1\project_UART\uart1\uart1.srcs\sources_1\new\UART.vhd:]
WARNING: [filemgmt 56-199] Attempt to get parsing info during refresh. "On-the-fly" syntax checking information may be incorrect. [C:\Users\Aquaton\Desktop\Новая папка\digital-electronics-1\project_UART\uart1\uart1.srcs\sources_1\new\Receiver.vhd:]
WARNING: [filemgmt 56-199] Attempt to get parsing info during refresh. "On-the-fly" syntax checking information may be incorrect. [C:\Users\Aquaton\Desktop\Новая папка\digital-electronics-1\project_UART\uart1\uart1.srcs\sources_1\new\baud.vhd:]
WARNING: [filemgmt 56-199] Attempt to get parsing info during refresh. "On-the-fly" syntax checking information may be incorrect. [C:\Users\Aquaton\Desktop\Новая папка\digital-electronics-1\project_UART\uart1\uart1.srcs\sources_1\new\Nexys_FPGA.vhd:]
WARNING: [filemgmt 56-199] Attempt to get parsing info during refresh. "On-the-fly" syntax checking information may be incorrect. [C:\Users\Aquaton\Desktop\Новая папка\digital-electronics-1\project_UART\uart1\uart1.srcs\sources_1\new\Transmitter.vhd:]
WARNING: [filemgmt 56-199] Attempt to get parsing info during refresh. "On-the-fly" syntax checking information may be incorrect. [C:\Users\Aquaton\Desktop\Новая папка\digital-electronics-1\project_UART\uart1\uart1.srcs\sources_1\new\UART.vhd:]
WARNING: [filemgmt 56-199] Attempt to get parsing info during refresh. "On-the-fly" syntax checking information may be incorrect. [C:\Users\Aquaton\Desktop\Новая папка\digital-electronics-1\project_UART\uart1\uart1.srcs\sources_1\new\Receiver.vhd:]
WARNING: [filemgmt 56-199] Attempt to get parsing info during refresh. "On-the-fly" syntax checking information may be incorrect. [C:\Users\Aquaton\Desktop\Новая папка\digital-electronics-1\project_UART\uart1\uart1.srcs\sources_1\new\baud.vhd:]
WARNING: [filemgmt 56-199] Attempt to get parsing info during refresh. "On-the-fly" syntax checking information may be incorrect. [C:\Users\Aquaton\Desktop\Новая папка\digital-electronics-1\project_UART\uart1\uart1.srcs\sources_1\new\Nexys_FPGA.vhd:]
WARNING: [filemgmt 56-199] Attempt to get parsing info during refresh. "On-the-fly" syntax checking information may be incorrect. [C:\Users\Aquaton\Desktop\Новая папка\digital-electronics-1\project_UART\uart1\uart1.srcs\sources_1\new\Transmitter.vhd:]
WARNING: [filemgmt 56-199] Attempt to get parsing info during refresh. "On-the-fly" syntax checking information may be incorrect. [C:\Users\Aquaton\Desktop\Новая папка\digital-electronics-1\project_UART\uart1\uart1.srcs\sources_1\new\UART.vhd:]
WARNING: [filemgmt 56-199] Attempt to get parsing info during refresh. "On-the-fly" syntax checking information may be incorrect. [C:\Users\Aquaton\Desktop\Новая папка\digital-electronics-1\project_UART\uart1\uart1.srcs\sources_1\new\Receiver.vhd:]
WARNING: [filemgmt 56-199] Attempt to get parsing info during refresh. "On-the-fly" syntax checking information may be incorrect. [C:\Users\Aquaton\Desktop\Новая папка\digital-electronics-1\project_UART\uart1\uart1.srcs\sources_1\new\baud.vhd:]
WARNING: [filemgmt 56-199] Attempt to get parsing info during refresh. "On-the-fly" syntax checking information may be incorrect. [C:\Users\Aquaton\Desktop\Новая папка\digital-electronics-1\project_UART\uart1\uart1.srcs\sources_1\new\Nexys_FPGA.vhd:]
WARNING: [filemgmt 56-199] Attempt to get parsing info during refresh. "On-the-fly" syntax checking information may be incorrect. [C:\Users\Aquaton\Desktop\Новая папка\digital-electronics-1\project_UART\uart1\uart1.srcs\sources_1\new\Transmitter.vhd:]
ERROR: [Common 17-180] Spawn failed: Illegal byte sequence
WARNING: [filemgmt 56-199] Attempt to get parsing info during refresh. "On-the-fly" syntax checking information may be incorrect. [C:\Users\Aquaton\Desktop\Новая папка\digital-electronics-1\project_UART\uart1\uart1.srcs\sources_1\new\UART.vhd:]
WARNING: [filemgmt 56-199] Attempt to get parsing info during refresh. "On-the-fly" syntax checking information may be incorrect. [C:\Users\Aquaton\Desktop\Новая папка\digital-electronics-1\project_UART\uart1\uart1.srcs\sources_1\new\Receiver.vhd:]
WARNING: [filemgmt 56-199] Attempt to get parsing info during refresh. "On-the-fly" syntax checking information may be incorrect. [C:\Users\Aquaton\Desktop\Новая папка\digital-electronics-1\project_UART\uart1\uart1.srcs\sources_1\new\baud.vhd:]
WARNING: [filemgmt 56-199] Attempt to get parsing info during refresh. "On-the-fly" syntax checking information may be incorrect. [C:\Users\Aquaton\Desktop\Новая папка\digital-electronics-1\project_UART\uart1\uart1.srcs\sources_1\new\Nexys_FPGA.vhd:]
WARNING: [filemgmt 56-199] Attempt to get parsing info during refresh. "On-the-fly" syntax checking information may be incorrect. [C:\Users\Aquaton\Desktop\Новая папка\digital-electronics-1\project_UART\uart1\uart1.srcs\sources_1\new\Transmitter.vhd:]
ERROR: [Common 17-180] Spawn failed: Illegal byte sequence
WARNING: [filemgmt 56-199] Attempt to get parsing info during refresh. "On-the-fly" syntax checking information may be incorrect. [C:\Users\Aquaton\Desktop\Новая папка\digital-electronics-1\project_UART\uart1\uart1.srcs\sources_1\new\UART.vhd:]
WARNING: [filemgmt 56-199] Attempt to get parsing info during refresh. "On-the-fly" syntax checking information may be incorrect. [C:\Users\Aquaton\Desktop\Новая папка\digital-electronics-1\project_UART\uart1\uart1.srcs\sources_1\new\Receiver.vhd:]
WARNING: [filemgmt 56-199] Attempt to get parsing info during refresh. "On-the-fly" syntax checking information may be incorrect. [C:\Users\Aquaton\Desktop\Новая папка\digital-electronics-1\project_UART\uart1\uart1.srcs\sources_1\new\baud.vhd:]
WARNING: [filemgmt 56-199] Attempt to get parsing info during refresh. "On-the-fly" syntax checking information may be incorrect. [C:\Users\Aquaton\Desktop\Новая папка\digital-electronics-1\project_UART\uart1\uart1.srcs\sources_1\new\Nexys_FPGA.vhd:]
WARNING: [filemgmt 56-199] Attempt to get parsing info during refresh. "On-the-fly" syntax checking information may be incorrect. [C:\Users\Aquaton\Desktop\Новая папка\digital-electronics-1\project_UART\uart1\uart1.srcs\sources_1\new\Transmitter.vhd:]
WARNING: [filemgmt 56-199] Attempt to get parsing info during refresh. "On-the-fly" syntax checking information may be incorrect. [C:\Users\Aquaton\Desktop\Новая папка\digital-electronics-1\project_UART\uart1\uart1.srcs\sources_1\new\UART.vhd:]
WARNING: [filemgmt 56-199] Attempt to get parsing info during refresh. "On-the-fly" syntax checking information may be incorrect. [C:\Users\Aquaton\Desktop\Новая папка\digital-electronics-1\project_UART\uart1\uart1.srcs\sources_1\new\Receiver.vhd:]
WARNING: [filemgmt 56-199] Attempt to get parsing info during refresh. "On-the-fly" syntax checking information may be incorrect. [C:\Users\Aquaton\Desktop\Новая папка\digital-electronics-1\project_UART\uart1\uart1.srcs\sources_1\new\baud.vhd:]
WARNING: [filemgmt 56-199] Attempt to get parsing info during refresh. "On-the-fly" syntax checking information may be incorrect. [C:\Users\Aquaton\Desktop\Новая папка\digital-electronics-1\project_UART\uart1\uart1.srcs\sources_1\new\Nexys_FPGA.vhd:]
WARNING: [filemgmt 56-199] Attempt to get parsing info during refresh. "On-the-fly" syntax checking information may be incorrect. [C:\Users\Aquaton\Desktop\Новая папка\digital-electronics-1\project_UART\uart1\uart1.srcs\sources_1\new\Transmitter.vhd:]
WARNING: [filemgmt 56-199] Attempt to get parsing info during refresh. "On-the-fly" syntax checking information may be incorrect. [C:\Users\Aquaton\Desktop\Новая папка\digital-electronics-1\project_UART\uart1\uart1.srcs\sources_1\new\UART.vhd:]
WARNING: [filemgmt 56-199] Attempt to get parsing info during refresh. "On-the-fly" syntax checking information may be incorrect. [C:\Users\Aquaton\Desktop\Новая папка\digital-electronics-1\project_UART\uart1\uart1.srcs\sources_1\new\Receiver.vhd:]
WARNING: [filemgmt 56-199] Attempt to get parsing info during refresh. "On-the-fly" syntax checking information may be incorrect. [C:\Users\Aquaton\Desktop\Новая папка\digital-electronics-1\project_UART\uart1\uart1.srcs\sources_1\new\baud.vhd:]
WARNING: [filemgmt 56-199] Attempt to get parsing info during refresh. "On-the-fly" syntax checking information may be incorrect. [C:\Users\Aquaton\Desktop\Новая папка\digital-electronics-1\project_UART\uart1\uart1.srcs\sources_1\new\Nexys_FPGA.vhd:]
WARNING: [filemgmt 56-199] Attempt to get parsing info during refresh. "On-the-fly" syntax checking information may be incorrect. [C:\Users\Aquaton\Desktop\Новая папка\digital-electronics-1\project_UART\uart1\uart1.srcs\sources_1\new\Transmitter.vhd:]
ERROR: [Common 17-180] Spawn failed: Illegal byte sequence
WARNING: [filemgmt 56-199] Attempt to get parsing info during refresh. "On-the-fly" syntax checking information may be incorrect. [C:\Users\Aquaton\Desktop\Новая папка\digital-electronics-1\project_UART\uart1\uart1.srcs\sources_1\new\UART.vhd:]
WARNING: [filemgmt 56-199] Attempt to get parsing info during refresh. "On-the-fly" syntax checking information may be incorrect. [C:\Users\Aquaton\Desktop\Новая папка\digital-electronics-1\project_UART\uart1\uart1.srcs\sources_1\new\Receiver.vhd:]
WARNING: [filemgmt 56-199] Attempt to get parsing info during refresh. "On-the-fly" syntax checking information may be incorrect. [C:\Users\Aquaton\Desktop\Новая папка\digital-electronics-1\project_UART\uart1\uart1.srcs\sources_1\new\baud.vhd:]
WARNING: [filemgmt 56-199] Attempt to get parsing info during refresh. "On-the-fly" syntax checking information may be incorrect. [C:\Users\Aquaton\Desktop\Новая папка\digital-electronics-1\project_UART\uart1\uart1.srcs\sources_1\new\Nexys_FPGA.vhd:]
WARNING: [filemgmt 56-199] Attempt to get parsing info during refresh. "On-the-fly" syntax checking information may be incorrect. [C:\Users\Aquaton\Desktop\Новая папка\digital-electronics-1\project_UART\uart1\uart1.srcs\sources_1\new\Transmitter.vhd:]
ERROR: [Common 17-180] Spawn failed: Illegal byte sequence
WARNING: [filemgmt 56-199] Attempt to get parsing info during refresh. "On-the-fly" syntax checking information may be incorrect. [C:\Users\Aquaton\Desktop\Новая папка\digital-electronics-1\project_UART\uart1\uart1.srcs\sources_1\new\UART.vhd:]
WARNING: [filemgmt 56-199] Attempt to get parsing info during refresh. "On-the-fly" syntax checking information may be incorrect. [C:\Users\Aquaton\Desktop\Новая папка\digital-electronics-1\project_UART\uart1\uart1.srcs\sources_1\new\Receiver.vhd:]
WARNING: [filemgmt 56-199] Attempt to get parsing info during refresh. "On-the-fly" syntax checking information may be incorrect. [C:\Users\Aquaton\Desktop\Новая папка\digital-electronics-1\project_UART\uart1\uart1.srcs\sources_1\new\baud.vhd:]
WARNING: [filemgmt 56-199] Attempt to get parsing info during refresh. "On-the-fly" syntax checking information may be incorrect. [C:\Users\Aquaton\Desktop\Новая папка\digital-electronics-1\project_UART\uart1\uart1.srcs\sources_1\new\Nexys_FPGA.vhd:]
WARNING: [filemgmt 56-199] Attempt to get parsing info during refresh. "On-the-fly" syntax checking information may be incorrect. [C:\Users\Aquaton\Desktop\Новая папка\digital-electronics-1\project_UART\uart1\uart1.srcs\sources_1\new\Transmitter.vhd:]
WARNING: [filemgmt 56-199] Attempt to get parsing info during refresh. "On-the-fly" syntax checking information may be incorrect. [C:\Users\Aquaton\Desktop\Новая папка\digital-electronics-1\project_UART\uart1\uart1.srcs\sources_1\new\UART.vhd:]
WARNING: [filemgmt 56-199] Attempt to get parsing info during refresh. "On-the-fly" syntax checking information may be incorrect. [C:\Users\Aquaton\Desktop\Новая папка\digital-electronics-1\project_UART\uart1\uart1.srcs\sources_1\new\Receiver.vhd:]
WARNING: [filemgmt 56-199] Attempt to get parsing info during refresh. "On-the-fly" syntax checking information may be incorrect. [C:\Users\Aquaton\Desktop\Новая папка\digital-electronics-1\project_UART\uart1\uart1.srcs\sources_1\new\baud.vhd:]
WARNING: [filemgmt 56-199] Attempt to get parsing info during refresh. "On-the-fly" syntax checking information may be incorrect. [C:\Users\Aquaton\Desktop\Новая папка\digital-electronics-1\project_UART\uart1\uart1.srcs\sources_1\new\Nexys_FPGA.vhd:]
WARNING: [filemgmt 56-199] Attempt to get parsing info during refresh. "On-the-fly" syntax checking information may be incorrect. [C:\Users\Aquaton\Desktop\Новая папка\digital-electronics-1\project_UART\uart1\uart1.srcs\sources_1\new\Transmitter.vhd:]
WARNING: [filemgmt 56-199] Attempt to get parsing info during refresh. "On-the-fly" syntax checking information may be incorrect. [C:\Users\Aquaton\Desktop\Новая папка\digital-electronics-1\project_UART\uart1\uart1.srcs\sources_1\new\UART.vhd:]
WARNING: [filemgmt 56-199] Attempt to get parsing info during refresh. "On-the-fly" syntax checking information may be incorrect. [C:\Users\Aquaton\Desktop\Новая папка\digital-electronics-1\project_UART\uart1\uart1.srcs\sources_1\new\Receiver.vhd:]
WARNING: [filemgmt 56-199] Attempt to get parsing info during refresh. "On-the-fly" syntax checking information may be incorrect. [C:\Users\Aquaton\Desktop\Новая папка\digital-electronics-1\project_UART\uart1\uart1.srcs\sources_1\new\baud.vhd:]
WARNING: [filemgmt 56-199] Attempt to get parsing info during refresh. "On-the-fly" syntax checking information may be incorrect. [C:\Users\Aquaton\Desktop\Новая папка\digital-electronics-1\project_UART\uart1\uart1.srcs\sources_1\new\Nexys_FPGA.vhd:]
WARNING: [filemgmt 56-199] Attempt to get parsing info during refresh. "On-the-fly" syntax checking information may be incorrect. [C:\Users\Aquaton\Desktop\Новая папка\digital-electronics-1\project_UART\uart1\uart1.srcs\sources_1\new\Transmitter.vhd:]
ERROR: [Common 17-180] Spawn failed: Illegal byte sequence
WARNING: [filemgmt 56-199] Attempt to get parsing info during refresh. "On-the-fly" syntax checking information may be incorrect. [C:\Users\Aquaton\Desktop\Новая папка\digital-electronics-1\project_UART\uart1\uart1.srcs\sources_1\new\UART.vhd:]
WARNING: [filemgmt 56-199] Attempt to get parsing info during refresh. "On-the-fly" syntax checking information may be incorrect. [C:\Users\Aquaton\Desktop\Новая папка\digital-electronics-1\project_UART\uart1\uart1.srcs\sources_1\new\Receiver.vhd:]
WARNING: [filemgmt 56-199] Attempt to get parsing info during refresh. "On-the-fly" syntax checking information may be incorrect. [C:\Users\Aquaton\Desktop\Новая папка\digital-electronics-1\project_UART\uart1\uart1.srcs\sources_1\new\baud.vhd:]
WARNING: [filemgmt 56-199] Attempt to get parsing info during refresh. "On-the-fly" syntax checking information may be incorrect. [C:\Users\Aquaton\Desktop\Новая папка\digital-electronics-1\project_UART\uart1\uart1.srcs\sources_1\new\Nexys_FPGA.vhd:]
WARNING: [filemgmt 56-199] Attempt to get parsing info during refresh. "On-the-fly" syntax checking information may be incorrect. [C:\Users\Aquaton\Desktop\Новая папка\digital-electronics-1\project_UART\uart1\uart1.srcs\sources_1\new\Transmitter.vhd:]
ERROR: [Common 17-180] Spawn failed: Illegal byte sequence
WARNING: [filemgmt 56-199] Attempt to get parsing info during refresh. "On-the-fly" syntax checking information may be incorrect. [C:\Users\Aquaton\Desktop\Новая папка\digital-electronics-1\project_UART\uart1\uart1.srcs\sources_1\new\UART.vhd:]
WARNING: [filemgmt 56-199] Attempt to get parsing info during refresh. "On-the-fly" syntax checking information may be incorrect. [C:\Users\Aquaton\Desktop\Новая папка\digital-electronics-1\project_UART\uart1\uart1.srcs\sources_1\new\Receiver.vhd:]
WARNING: [filemgmt 56-199] Attempt to get parsing info during refresh. "On-the-fly" syntax checking information may be incorrect. [C:\Users\Aquaton\Desktop\Новая папка\digital-electronics-1\project_UART\uart1\uart1.srcs\sources_1\new\baud.vhd:]
WARNING: [filemgmt 56-199] Attempt to get parsing info during refresh. "On-the-fly" syntax checking information may be incorrect. [C:\Users\Aquaton\Desktop\Новая папка\digital-electronics-1\project_UART\uart1\uart1.srcs\sources_1\new\Nexys_FPGA.vhd:]
WARNING: [filemgmt 56-199] Attempt to get parsing info during refresh. "On-the-fly" syntax checking information may be incorrect. [C:\Users\Aquaton\Desktop\Новая папка\digital-electronics-1\project_UART\uart1\uart1.srcs\sources_1\new\Transmitter.vhd:]
WARNING: [filemgmt 56-199] Attempt to get parsing info during refresh. "On-the-fly" syntax checking information may be incorrect. [C:\Users\Aquaton\Desktop\Новая папка\digital-electronics-1\project_UART\uart1\uart1.srcs\sources_1\new\UART.vhd:]
WARNING: [filemgmt 56-199] Attempt to get parsing info during refresh. "On-the-fly" syntax checking information may be incorrect. [C:\Users\Aquaton\Desktop\Новая папка\digital-electronics-1\project_UART\uart1\uart1.srcs\sources_1\new\Receiver.vhd:]
WARNING: [filemgmt 56-199] Attempt to get parsing info during refresh. "On-the-fly" syntax checking information may be incorrect. [C:\Users\Aquaton\Desktop\Новая папка\digital-electronics-1\project_UART\uart1\uart1.srcs\sources_1\new\baud.vhd:]
WARNING: [filemgmt 56-199] Attempt to get parsing info during refresh. "On-the-fly" syntax checking information may be incorrect. [C:\Users\Aquaton\Desktop\Новая папка\digital-electronics-1\project_UART\uart1\uart1.srcs\sources_1\new\Nexys_FPGA.vhd:]
WARNING: [filemgmt 56-199] Attempt to get parsing info during refresh. "On-the-fly" syntax checking information may be incorrect. [C:\Users\Aquaton\Desktop\Новая папка\digital-electronics-1\project_UART\uart1\uart1.srcs\sources_1\new\Transmitter.vhd:]
WARNING: [filemgmt 56-199] Attempt to get parsing info during refresh. "On-the-fly" syntax checking information may be incorrect. [C:\Users\Aquaton\Desktop\Новая папка\digital-electronics-1\project_UART\uart1\uart1.srcs\sources_1\new\UART.vhd:]
WARNING: [filemgmt 56-199] Attempt to get parsing info during refresh. "On-the-fly" syntax checking information may be incorrect. [C:\Users\Aquaton\Desktop\Новая папка\digital-electronics-1\project_UART\uart1\uart1.srcs\sources_1\new\Receiver.vhd:]
WARNING: [filemgmt 56-199] Attempt to get parsing info during refresh. "On-the-fly" syntax checking information may be incorrect. [C:\Users\Aquaton\Desktop\Новая папка\digital-electronics-1\project_UART\uart1\uart1.srcs\sources_1\new\baud.vhd:]
WARNING: [filemgmt 56-199] Attempt to get parsing info during refresh. "On-the-fly" syntax checking information may be incorrect. [C:\Users\Aquaton\Desktop\Новая папка\digital-electronics-1\project_UART\uart1\uart1.srcs\sources_1\new\Nexys_FPGA.vhd:]
WARNING: [filemgmt 56-199] Attempt to get parsing info during refresh. "On-the-fly" syntax checking information may be incorrect. [C:\Users\Aquaton\Desktop\Новая папка\digital-electronics-1\project_UART\uart1\uart1.srcs\sources_1\new\Transmitter.vhd:]
ERROR: [Common 17-180] Spawn failed: Illegal byte sequence
WARNING: [filemgmt 56-199] Attempt to get parsing info during refresh. "On-the-fly" syntax checking information may be incorrect. [C:\Users\Aquaton\Desktop\Новая папка\digital-electronics-1\project_UART\uart1\uart1.srcs\sources_1\new\UART.vhd:]
WARNING: [filemgmt 56-199] Attempt to get parsing info during refresh. "On-the-fly" syntax checking information may be incorrect. [C:\Users\Aquaton\Desktop\Новая папка\digital-electronics-1\project_UART\uart1\uart1.srcs\sources_1\new\Receiver.vhd:]
WARNING: [filemgmt 56-199] Attempt to get parsing info during refresh. "On-the-fly" syntax checking information may be incorrect. [C:\Users\Aquaton\Desktop\Новая папка\digital-electronics-1\project_UART\uart1\uart1.srcs\sources_1\new\baud.vhd:]
WARNING: [filemgmt 56-199] Attempt to get parsing info during refresh. "On-the-fly" syntax checking information may be incorrect. [C:\Users\Aquaton\Desktop\Новая папка\digital-electronics-1\project_UART\uart1\uart1.srcs\sources_1\new\Nexys_FPGA.vhd:]
WARNING: [filemgmt 56-199] Attempt to get parsing info during refresh. "On-the-fly" syntax checking information may be incorrect. [C:\Users\Aquaton\Desktop\Новая папка\digital-electronics-1\project_UART\uart1\uart1.srcs\sources_1\new\Transmitter.vhd:]
ERROR: [Common 17-180] Spawn failed: Illegal byte sequence
WARNING: [filemgmt 56-199] Attempt to get parsing info during refresh. "On-the-fly" syntax checking information may be incorrect. [C:\Users\Aquaton\Desktop\Новая папка\digital-electronics-1\project_UART\uart1\uart1.srcs\sources_1\new\UART.vhd:]
WARNING: [filemgmt 56-199] Attempt to get parsing info during refresh. "On-the-fly" syntax checking information may be incorrect. [C:\Users\Aquaton\Desktop\Новая папка\digital-electronics-1\project_UART\uart1\uart1.srcs\sources_1\new\Receiver.vhd:]
WARNING: [filemgmt 56-199] Attempt to get parsing info during refresh. "On-the-fly" syntax checking information may be incorrect. [C:\Users\Aquaton\Desktop\Новая папка\digital-electronics-1\project_UART\uart1\uart1.srcs\sources_1\new\baud.vhd:]
WARNING: [filemgmt 56-199] Attempt to get parsing info during refresh. "On-the-fly" syntax checking information may be incorrect. [C:\Users\Aquaton\Desktop\Новая папка\digital-electronics-1\project_UART\uart1\uart1.srcs\sources_1\new\Nexys_FPGA.vhd:]
WARNING: [filemgmt 56-199] Attempt to get parsing info during refresh. "On-the-fly" syntax checking information may be incorrect. [C:\Users\Aquaton\Desktop\Новая папка\digital-electronics-1\project_UART\uart1\uart1.srcs\sources_1\new\Transmitter.vhd:]
WARNING: [filemgmt 56-199] Attempt to get parsing info during refresh. "On-the-fly" syntax checking information may be incorrect. [C:\Users\Aquaton\Desktop\Новая папка\digital-electronics-1\project_UART\uart1\uart1.srcs\sources_1\new\UART.vhd:]
WARNING: [filemgmt 56-199] Attempt to get parsing info during refresh. "On-the-fly" syntax checking information may be incorrect. [C:\Users\Aquaton\Desktop\Новая папка\digital-electronics-1\project_UART\uart1\uart1.srcs\sources_1\new\Receiver.vhd:]
WARNING: [filemgmt 56-199] Attempt to get parsing info during refresh. "On-the-fly" syntax checking information may be incorrect. [C:\Users\Aquaton\Desktop\Новая папка\digital-electronics-1\project_UART\uart1\uart1.srcs\sources_1\new\baud.vhd:]
WARNING: [filemgmt 56-199] Attempt to get parsing info during refresh. "On-the-fly" syntax checking information may be incorrect. [C:\Users\Aquaton\Desktop\Новая папка\digital-electronics-1\project_UART\uart1\uart1.srcs\sources_1\new\Nexys_FPGA.vhd:]
WARNING: [filemgmt 56-199] Attempt to get parsing info during refresh. "On-the-fly" syntax checking information may be incorrect. [C:\Users\Aquaton\Desktop\Новая папка\digital-electronics-1\project_UART\uart1\uart1.srcs\sources_1\new\Transmitter.vhd:]
WARNING: [filemgmt 56-199] Attempt to get parsing info during refresh. "On-the-fly" syntax checking information may be incorrect. [C:\Users\Aquaton\Desktop\Новая папка\digital-electronics-1\project_UART\uart1\uart1.srcs\sources_1\new\UART.vhd:]
WARNING: [filemgmt 56-199] Attempt to get parsing info during refresh. "On-the-fly" syntax checking information may be incorrect. [C:\Users\Aquaton\Desktop\Новая папка\digital-electronics-1\project_UART\uart1\uart1.srcs\sources_1\new\Receiver.vhd:]
WARNING: [filemgmt 56-199] Attempt to get parsing info during refresh. "On-the-fly" syntax checking information may be incorrect. [C:\Users\Aquaton\Desktop\Новая папка\digital-electronics-1\project_UART\uart1\uart1.srcs\sources_1\new\baud.vhd:]
WARNING: [filemgmt 56-199] Attempt to get parsing info during refresh. "On-the-fly" syntax checking information may be incorrect. [C:\Users\Aquaton\Desktop\Новая папка\digital-electronics-1\project_UART\uart1\uart1.srcs\sources_1\new\Nexys_FPGA.vhd:]
WARNING: [filemgmt 56-199] Attempt to get parsing info during refresh. "On-the-fly" syntax checking information may be incorrect. [C:\Users\Aquaton\Desktop\Новая папка\digital-electronics-1\project_UART\uart1\uart1.srcs\sources_1\new\Transmitter.vhd:]
WARNING: [filemgmt 56-199] Attempt to get parsing info during refresh. "On-the-fly" syntax checking information may be incorrect. [C:\Users\Aquaton\Desktop\Новая папка\digital-electronics-1\project_UART\uart1\uart1.srcs\sources_1\new\UART.vhd:]
WARNING: [filemgmt 56-199] Attempt to get parsing info during refresh. "On-the-fly" syntax checking information may be incorrect. [C:\Users\Aquaton\Desktop\Новая папка\digital-electronics-1\project_UART\uart1\uart1.srcs\sources_1\new\Receiver.vhd:]
WARNING: [filemgmt 56-199] Attempt to get parsing info during refresh. "On-the-fly" syntax checking information may be incorrect. [C:\Users\Aquaton\Desktop\Новая папка\digital-electronics-1\project_UART\uart1\uart1.srcs\sources_1\new\baud.vhd:]
WARNING: [filemgmt 56-199] Attempt to get parsing info during refresh. "On-the-fly" syntax checking information may be incorrect. [C:\Users\Aquaton\Desktop\Новая папка\digital-electronics-1\project_UART\uart1\uart1.srcs\sources_1\new\Nexys_FPGA.vhd:]
WARNING: [filemgmt 56-199] Attempt to get parsing info during refresh. "On-the-fly" syntax checking information may be incorrect. [C:\Users\Aquaton\Desktop\Новая папка\digital-electronics-1\project_UART\uart1\uart1.srcs\sources_1\new\Transmitter.vhd:]
INFO: [Common 17-14] Message 'filemgmt 56-199' appears 100 times and further instances of the messages will be disabled. Use the Tcl command set_msg_config to change the current settings.
ERROR: [Common 17-180] Spawn failed: Illegal byte sequence
ERROR: [Common 17-180] Spawn failed: Illegal byte sequence
ERROR: [Common 17-180] Spawn failed: Illegal byte sequence
ERROR: [Common 17-180] Spawn failed: Illegal byte sequence
ERROR: [Common 17-180] Spawn failed: Illegal byte sequence
ERROR: [Common 17-180] Spawn failed: Illegal byte sequence
ERROR: [Common 17-180] Spawn failed: Illegal byte sequence
ERROR: [Common 17-180] Spawn failed: Illegal byte sequence
ERROR: [Common 17-180] Spawn failed: Illegal byte sequence
ERROR: [Common 17-180] Spawn failed: Illegal byte sequence
ERROR: [Common 17-180] Spawn failed: Illegal byte sequence
ERROR: [Common 17-180] Spawn failed: Illegal byte sequence
ERROR: [Common 17-180] Spawn failed: Illegal byte sequence
ERROR: [Common 17-180] Spawn failed: Illegal byte sequence
ERROR: [Common 17-180] Spawn failed: Illegal byte sequence
ERROR: [Common 17-180] Spawn failed: Illegal byte sequence
ERROR: [Common 17-180] Spawn failed: Illegal byte sequence
ERROR: [Common 17-180] Spawn failed: Illegal byte sequence
ERROR: [Common 17-180] Spawn failed: Illegal byte sequence
ERROR: [Common 17-180] Spawn failed: Illegal byte sequence
ERROR: [Common 17-180] Spawn failed: Illegal byte sequence
ERROR: [Common 17-180] Spawn failed: Illegal byte sequence
ERROR: [Common 17-180] Spawn failed: Illegal byte sequence
ERROR: [Common 17-180] Spawn failed: Illegal byte sequence
ERROR: [Common 17-180] Spawn failed: Illegal byte sequence
ERROR: [Common 17-180] Spawn failed: Illegal byte sequence
ERROR: [Common 17-180] Spawn failed: Illegal byte sequence
ERROR: [Common 17-180] Spawn failed: Illegal byte sequence
ERROR: [Common 17-180] Spawn failed: Illegal byte sequence
ERROR: [Common 17-180] Spawn failed: Illegal byte sequence
ERROR: [Common 17-180] Spawn failed: Illegal byte sequence
ERROR: [Common 17-180] Spawn failed: Illegal byte sequence
ERROR: [Common 17-180] Spawn failed: Illegal byte sequence
ERROR: [Common 17-180] Spawn failed: Illegal byte sequence
ERROR: [Common 17-180] Spawn failed: Illegal byte sequence
ERROR: [Common 17-180] Spawn failed: Illegal byte sequence
ERROR: [Common 17-180] Spawn failed: Illegal byte sequence
ERROR: [Common 17-180] Spawn failed: Illegal byte sequence
ERROR: [Common 17-180] Spawn failed: Illegal byte sequence
ERROR: [Common 17-180] Spawn failed: Illegal byte sequence
ERROR: [Common 17-180] Spawn failed: Illegal byte sequence
ERROR: [Common 17-180] Spawn failed: Illegal byte sequence
WARNING: [filemgmt 56-199] Attempt to get parsing info during refresh. "On-the-fly" syntax checking information may be incorrect. [C:\Users\Aquaton\Desktop\Новая папка\digital-electronics-1\project_UART\uart1\uart1.srcs\sources_1\new\UART.vhd:]
WARNING: [filemgmt 56-199] Attempt to get parsing info during refresh. "On-the-fly" syntax checking information may be incorrect. [C:\Users\Aquaton\Desktop\Новая папка\digital-electronics-1\project_UART\uart1\uart1.srcs\sources_1\new\Receiver.vhd:]
WARNING: [filemgmt 56-199] Attempt to get parsing info during refresh. "On-the-fly" syntax checking information may be incorrect. [C:\Users\Aquaton\Desktop\Новая папка\digital-electronics-1\project_UART\uart1\uart1.srcs\sources_1\new\baud.vhd:]
WARNING: [filemgmt 56-199] Attempt to get parsing info during refresh. "On-the-fly" syntax checking information may be incorrect. [C:\Users\Aquaton\Desktop\Новая папка\digital-electronics-1\project_UART\uart1\uart1.srcs\sources_1\new\Nexys_FPGA.vhd:]
WARNING: [filemgmt 56-199] Attempt to get parsing info during refresh. "On-the-fly" syntax checking information may be incorrect. [C:\Users\Aquaton\Desktop\Новая папка\digital-electronics-1\project_UART\uart1\uart1.srcs\sources_1\new\Transmitter.vhd:]
WARNING: [filemgmt 56-199] Attempt to get parsing info during refresh. "On-the-fly" syntax checking information may be incorrect. [C:\Users\Aquaton\Desktop\Новая папка\digital-electronics-1\project_UART\uart1\uart1.srcs\sources_1\new\UART.vhd:]
WARNING: [filemgmt 56-199] Attempt to get parsing info during refresh. "On-the-fly" syntax checking information may be incorrect. [C:\Users\Aquaton\Desktop\Новая папка\digital-electronics-1\project_UART\uart1\uart1.srcs\sources_1\new\Receiver.vhd:]
WARNING: [filemgmt 56-199] Attempt to get parsing info during refresh. "On-the-fly" syntax checking information may be incorrect. [C:\Users\Aquaton\Desktop\Новая папка\digital-electronics-1\project_UART\uart1\uart1.srcs\sources_1\new\baud.vhd:]
WARNING: [filemgmt 56-199] Attempt to get parsing info during refresh. "On-the-fly" syntax checking information may be incorrect. [C:\Users\Aquaton\Desktop\Новая папка\digital-electronics-1\project_UART\uart1\uart1.srcs\sources_1\new\Nexys_FPGA.vhd:]
WARNING: [filemgmt 56-199] Attempt to get parsing info during refresh. "On-the-fly" syntax checking information may be incorrect. [C:\Users\Aquaton\Desktop\Новая папка\digital-electronics-1\project_UART\uart1\uart1.srcs\sources_1\new\Transmitter.vhd:]
WARNING: [filemgmt 56-199] Attempt to get parsing info during refresh. "On-the-fly" syntax checking information may be incorrect. [C:\Users\Aquaton\Desktop\Новая папка\digital-electronics-1\project_UART\uart1\uart1.srcs\sources_1\new\UART.vhd:]
WARNING: [filemgmt 56-199] Attempt to get parsing info during refresh. "On-the-fly" syntax checking information may be incorrect. [C:\Users\Aquaton\Desktop\Новая папка\digital-electronics-1\project_UART\uart1\uart1.srcs\sources_1\new\Receiver.vhd:]
WARNING: [filemgmt 56-199] Attempt to get parsing info during refresh. "On-the-fly" syntax checking information may be incorrect. [C:\Users\Aquaton\Desktop\Новая папка\digital-electronics-1\project_UART\uart1\uart1.srcs\sources_1\new\baud.vhd:]
WARNING: [filemgmt 56-199] Attempt to get parsing info during refresh. "On-the-fly" syntax checking information may be incorrect. [C:\Users\Aquaton\Desktop\Новая папка\digital-electronics-1\project_UART\uart1\uart1.srcs\sources_1\new\Nexys_FPGA.vhd:]
WARNING: [filemgmt 56-199] Attempt to get parsing info during refresh. "On-the-fly" syntax checking information may be incorrect. [C:\Users\Aquaton\Desktop\Новая папка\digital-electronics-1\project_UART\uart1\uart1.srcs\sources_1\new\Transmitter.vhd:]
WARNING: [filemgmt 56-199] Attempt to get parsing info during refresh. "On-the-fly" syntax checking information may be incorrect. [C:\Users\Aquaton\Desktop\Новая папка\digital-electronics-1\project_UART\uart1\uart1.srcs\sources_1\new\UART.vhd:]
WARNING: [filemgmt 56-199] Attempt to get parsing info during refresh. "On-the-fly" syntax checking information may be incorrect. [C:\Users\Aquaton\Desktop\Новая папка\digital-electronics-1\project_UART\uart1\uart1.srcs\sources_1\new\Receiver.vhd:]
WARNING: [filemgmt 56-199] Attempt to get parsing info during refresh. "On-the-fly" syntax checking information may be incorrect. [C:\Users\Aquaton\Desktop\Новая папка\digital-electronics-1\project_UART\uart1\uart1.srcs\sources_1\new\baud.vhd:]
WARNING: [filemgmt 56-199] Attempt to get parsing info during refresh. "On-the-fly" syntax checking information may be incorrect. [C:\Users\Aquaton\Desktop\Новая папка\digital-electronics-1\project_UART\uart1\uart1.srcs\sources_1\new\Nexys_FPGA.vhd:]
WARNING: [filemgmt 56-199] Attempt to get parsing info during refresh. "On-the-fly" syntax checking information may be incorrect. [C:\Users\Aquaton\Desktop\Новая папка\digital-electronics-1\project_UART\uart1\uart1.srcs\sources_1\new\Transmitter.vhd:]
WARNING: [filemgmt 56-199] Attempt to get parsing info during refresh. "On-the-fly" syntax checking information may be incorrect. [C:\Users\Aquaton\Desktop\Новая папка\digital-electronics-1\project_UART\uart1\uart1.srcs\sources_1\new\UART.vhd:]
WARNING: [filemgmt 56-199] Attempt to get parsing info during refresh. "On-the-fly" syntax checking information may be incorrect. [C:\Users\Aquaton\Desktop\Новая папка\digital-electronics-1\project_UART\uart1\uart1.srcs\sources_1\new\Receiver.vhd:]
WARNING: [filemgmt 56-199] Attempt to get parsing info during refresh. "On-the-fly" syntax checking information may be incorrect. [C:\Users\Aquaton\Desktop\Новая папка\digital-electronics-1\project_UART\uart1\uart1.srcs\sources_1\new\baud.vhd:]
WARNING: [filemgmt 56-199] Attempt to get parsing info during refresh. "On-the-fly" syntax checking information may be incorrect. [C:\Users\Aquaton\Desktop\Новая папка\digital-electronics-1\project_UART\uart1\uart1.srcs\sources_1\new\Nexys_FPGA.vhd:]
WARNING: [filemgmt 56-199] Attempt to get parsing info during refresh. "On-the-fly" syntax checking information may be incorrect. [C:\Users\Aquaton\Desktop\Новая папка\digital-electronics-1\project_UART\uart1\uart1.srcs\sources_1\new\Transmitter.vhd:]
WARNING: [filemgmt 56-199] Attempt to get parsing info during refresh. "On-the-fly" syntax checking information may be incorrect. [C:\Users\Aquaton\Desktop\Новая папка\digital-electronics-1\project_UART\uart1\uart1.srcs\sources_1\new\UART.vhd:]
WARNING: [filemgmt 56-199] Attempt to get parsing info during refresh. "On-the-fly" syntax checking information may be incorrect. [C:\Users\Aquaton\Desktop\Новая папка\digital-electronics-1\project_UART\uart1\uart1.srcs\sources_1\new\Receiver.vhd:]
WARNING: [filemgmt 56-199] Attempt to get parsing info during refresh. "On-the-fly" syntax checking information may be incorrect. [C:\Users\Aquaton\Desktop\Новая папка\digital-electronics-1\project_UART\uart1\uart1.srcs\sources_1\new\baud.vhd:]
WARNING: [filemgmt 56-199] Attempt to get parsing info during refresh. "On-the-fly" syntax checking information may be incorrect. [C:\Users\Aquaton\Desktop\Новая папка\digital-electronics-1\project_UART\uart1\uart1.srcs\sources_1\new\Nexys_FPGA.vhd:]
WARNING: [filemgmt 56-199] Attempt to get parsing info during refresh. "On-the-fly" syntax checking information may be incorrect. [C:\Users\Aquaton\Desktop\Новая папка\digital-electronics-1\project_UART\uart1\uart1.srcs\sources_1\new\Transmitter.vhd:]
WARNING: [filemgmt 56-199] Attempt to get parsing info during refresh. "On-the-fly" syntax checking information may be incorrect. [C:\Users\Aquaton\Desktop\Новая папка\digital-electronics-1\project_UART\uart1\uart1.srcs\sources_1\new\UART.vhd:]
WARNING: [filemgmt 56-199] Attempt to get parsing info during refresh. "On-the-fly" syntax checking information may be incorrect. [C:\Users\Aquaton\Desktop\Новая папка\digital-electronics-1\project_UART\uart1\uart1.srcs\sources_1\new\Receiver.vhd:]
WARNING: [filemgmt 56-199] Attempt to get parsing info during refresh. "On-the-fly" syntax checking information may be incorrect. [C:\Users\Aquaton\Desktop\Новая папка\digital-electronics-1\project_UART\uart1\uart1.srcs\sources_1\new\baud.vhd:]
WARNING: [filemgmt 56-199] Attempt to get parsing info during refresh. "On-the-fly" syntax checking information may be incorrect. [C:\Users\Aquaton\Desktop\Новая папка\digital-electronics-1\project_UART\uart1\uart1.srcs\sources_1\new\Nexys_FPGA.vhd:]
WARNING: [filemgmt 56-199] Attempt to get parsing info during refresh. "On-the-fly" syntax checking information may be incorrect. [C:\Users\Aquaton\Desktop\Новая папка\digital-electronics-1\project_UART\uart1\uart1.srcs\sources_1\new\Transmitter.vhd:]
WARNING: [filemgmt 56-199] Attempt to get parsing info during refresh. "On-the-fly" syntax checking information may be incorrect. [C:\Users\Aquaton\Desktop\Новая папка\digital-electronics-1\project_UART\uart1\uart1.srcs\sources_1\new\UART.vhd:]
WARNING: [filemgmt 56-199] Attempt to get parsing info during refresh. "On-the-fly" syntax checking information may be incorrect. [C:\Users\Aquaton\Desktop\Новая папка\digital-electronics-1\project_UART\uart1\uart1.srcs\sources_1\new\Receiver.vhd:]
WARNING: [filemgmt 56-199] Attempt to get parsing info during refresh. "On-the-fly" syntax checking information may be incorrect. [C:\Users\Aquaton\Desktop\Новая папка\digital-electronics-1\project_UART\uart1\uart1.srcs\sources_1\new\baud.vhd:]
WARNING: [filemgmt 56-199] Attempt to get parsing info during refresh. "On-the-fly" syntax checking information may be incorrect. [C:\Users\Aquaton\Desktop\Новая папка\digital-electronics-1\project_UART\uart1\uart1.srcs\sources_1\new\Nexys_FPGA.vhd:]
WARNING: [filemgmt 56-199] Attempt to get parsing info during refresh. "On-the-fly" syntax checking information may be incorrect. [C:\Users\Aquaton\Desktop\Новая папка\digital-electronics-1\project_UART\uart1\uart1.srcs\sources_1\new\Transmitter.vhd:]
WARNING: [filemgmt 56-199] Attempt to get parsing info during refresh. "On-the-fly" syntax checking information may be incorrect. [C:\Users\Aquaton\Desktop\Новая папка\digital-electronics-1\project_UART\uart1\uart1.srcs\sources_1\new\UART.vhd:]
WARNING: [filemgmt 56-199] Attempt to get parsing info during refresh. "On-the-fly" syntax checking information may be incorrect. [C:\Users\Aquaton\Desktop\Новая папка\digital-electronics-1\project_UART\uart1\uart1.srcs\sources_1\new\Receiver.vhd:]
WARNING: [filemgmt 56-199] Attempt to get parsing info during refresh. "On-the-fly" syntax checking information may be incorrect. [C:\Users\Aquaton\Desktop\Новая папка\digital-electronics-1\project_UART\uart1\uart1.srcs\sources_1\new\baud.vhd:]
WARNING: [filemgmt 56-199] Attempt to get parsing info during refresh. "On-the-fly" syntax checking information may be incorrect. [C:\Users\Aquaton\Desktop\Новая папка\digital-electronics-1\project_UART\uart1\uart1.srcs\sources_1\new\Nexys_FPGA.vhd:]
WARNING: [filemgmt 56-199] Attempt to get parsing info during refresh. "On-the-fly" syntax checking information may be incorrect. [C:\Users\Aquaton\Desktop\Новая папка\digital-electronics-1\project_UART\uart1\uart1.srcs\sources_1\new\Transmitter.vhd:]
WARNING: [filemgmt 56-199] Attempt to get parsing info during refresh. "On-the-fly" syntax checking information may be incorrect. [C:\Users\Aquaton\Desktop\Новая папка\digital-electronics-1\project_UART\uart1\uart1.srcs\sources_1\new\UART.vhd:]
WARNING: [filemgmt 56-199] Attempt to get parsing info during refresh. "On-the-fly" syntax checking information may be incorrect. [C:\Users\Aquaton\Desktop\Новая папка\digital-electronics-1\project_UART\uart1\uart1.srcs\sources_1\new\Receiver.vhd:]
WARNING: [filemgmt 56-199] Attempt to get parsing info during refresh. "On-the-fly" syntax checking information may be incorrect. [C:\Users\Aquaton\Desktop\Новая папка\digital-electronics-1\project_UART\uart1\uart1.srcs\sources_1\new\baud.vhd:]
WARNING: [filemgmt 56-199] Attempt to get parsing info during refresh. "On-the-fly" syntax checking information may be incorrect. [C:\Users\Aquaton\Desktop\Новая папка\digital-electronics-1\project_UART\uart1\uart1.srcs\sources_1\new\Nexys_FPGA.vhd:]
WARNING: [filemgmt 56-199] Attempt to get parsing info during refresh. "On-the-fly" syntax checking information may be incorrect. [C:\Users\Aquaton\Desktop\Новая папка\digital-electronics-1\project_UART\uart1\uart1.srcs\sources_1\new\Transmitter.vhd:]
WARNING: [filemgmt 56-199] Attempt to get parsing info during refresh. "On-the-fly" syntax checking information may be incorrect. [C:\Users\Aquaton\Desktop\Новая папка\digital-electronics-1\project_UART\uart1\uart1.srcs\sources_1\new\UART.vhd:]
WARNING: [filemgmt 56-199] Attempt to get parsing info during refresh. "On-the-fly" syntax checking information may be incorrect. [C:\Users\Aquaton\Desktop\Новая папка\digital-electronics-1\project_UART\uart1\uart1.srcs\sources_1\new\Receiver.vhd:]
WARNING: [filemgmt 56-199] Attempt to get parsing info during refresh. "On-the-fly" syntax checking information may be incorrect. [C:\Users\Aquaton\Desktop\Новая папка\digital-electronics-1\project_UART\uart1\uart1.srcs\sources_1\new\baud.vhd:]
WARNING: [filemgmt 56-199] Attempt to get parsing info during refresh. "On-the-fly" syntax checking information may be incorrect. [C:\Users\Aquaton\Desktop\Новая папка\digital-electronics-1\project_UART\uart1\uart1.srcs\sources_1\new\Nexys_FPGA.vhd:]
WARNING: [filemgmt 56-199] Attempt to get parsing info during refresh. "On-the-fly" syntax checking information may be incorrect. [C:\Users\Aquaton\Desktop\Новая папка\digital-electronics-1\project_UART\uart1\uart1.srcs\sources_1\new\Transmitter.vhd:]
WARNING: [filemgmt 56-199] Attempt to get parsing info during refresh. "On-the-fly" syntax checking information may be incorrect. [C:\Users\Aquaton\Desktop\Новая папка\digital-electronics-1\project_UART\uart1\uart1.srcs\sources_1\new\UART.vhd:]
WARNING: [filemgmt 56-199] Attempt to get parsing info during refresh. "On-the-fly" syntax checking information may be incorrect. [C:\Users\Aquaton\Desktop\Новая папка\digital-electronics-1\project_UART\uart1\uart1.srcs\sources_1\new\Receiver.vhd:]
WARNING: [filemgmt 56-199] Attempt to get parsing info during refresh. "On-the-fly" syntax checking information may be incorrect. [C:\Users\Aquaton\Desktop\Новая папка\digital-electronics-1\project_UART\uart1\uart1.srcs\sources_1\new\baud.vhd:]
WARNING: [filemgmt 56-199] Attempt to get parsing info during refresh. "On-the-fly" syntax checking information may be incorrect. [C:\Users\Aquaton\Desktop\Новая папка\digital-electronics-1\project_UART\uart1\uart1.srcs\sources_1\new\Nexys_FPGA.vhd:]
WARNING: [filemgmt 56-199] Attempt to get parsing info during refresh. "On-the-fly" syntax checking information may be incorrect. [C:\Users\Aquaton\Desktop\Новая папка\digital-electronics-1\project_UART\uart1\uart1.srcs\sources_1\new\Transmitter.vhd:]
WARNING: [filemgmt 56-199] Attempt to get parsing info during refresh. "On-the-fly" syntax checking information may be incorrect. [C:\Users\Aquaton\Desktop\Новая папка\digital-electronics-1\project_UART\uart1\uart1.srcs\sources_1\new\UART.vhd:]
WARNING: [filemgmt 56-199] Attempt to get parsing info during refresh. "On-the-fly" syntax checking information may be incorrect. [C:\Users\Aquaton\Desktop\Новая папка\digital-electronics-1\project_UART\uart1\uart1.srcs\sources_1\new\Receiver.vhd:]
WARNING: [filemgmt 56-199] Attempt to get parsing info during refresh. "On-the-fly" syntax checking information may be incorrect. [C:\Users\Aquaton\Desktop\Новая папка\digital-electronics-1\project_UART\uart1\uart1.srcs\sources_1\new\baud.vhd:]
WARNING: [filemgmt 56-199] Attempt to get parsing info during refresh. "On-the-fly" syntax checking information may be incorrect. [C:\Users\Aquaton\Desktop\Новая папка\digital-electronics-1\project_UART\uart1\uart1.srcs\sources_1\new\Nexys_FPGA.vhd:]
WARNING: [filemgmt 56-199] Attempt to get parsing info during refresh. "On-the-fly" syntax checking information may be incorrect. [C:\Users\Aquaton\Desktop\Новая папка\digital-electronics-1\project_UART\uart1\uart1.srcs\sources_1\new\Transmitter.vhd:]
WARNING: [filemgmt 56-199] Attempt to get parsing info during refresh. "On-the-fly" syntax checking information may be incorrect. [C:\Users\Aquaton\Desktop\Новая папка\digital-electronics-1\project_UART\uart1\uart1.srcs\sources_1\new\UART.vhd:]
WARNING: [filemgmt 56-199] Attempt to get parsing info during refresh. "On-the-fly" syntax checking information may be incorrect. [C:\Users\Aquaton\Desktop\Новая папка\digital-electronics-1\project_UART\uart1\uart1.srcs\sources_1\new\Receiver.vhd:]
WARNING: [filemgmt 56-199] Attempt to get parsing info during refresh. "On-the-fly" syntax checking information may be incorrect. [C:\Users\Aquaton\Desktop\Новая папка\digital-electronics-1\project_UART\uart1\uart1.srcs\sources_1\new\baud.vhd:]
WARNING: [filemgmt 56-199] Attempt to get parsing info during refresh. "On-the-fly" syntax checking information may be incorrect. [C:\Users\Aquaton\Desktop\Новая папка\digital-electronics-1\project_UART\uart1\uart1.srcs\sources_1\new\Nexys_FPGA.vhd:]
WARNING: [filemgmt 56-199] Attempt to get parsing info during refresh. "On-the-fly" syntax checking information may be incorrect. [C:\Users\Aquaton\Desktop\Новая папка\digital-electronics-1\project_UART\uart1\uart1.srcs\sources_1\new\Transmitter.vhd:]
WARNING: [filemgmt 56-199] Attempt to get parsing info during refresh. "On-the-fly" syntax checking information may be incorrect. [C:\Users\Aquaton\Desktop\Новая папка\digital-electronics-1\project_UART\uart1\uart1.srcs\sources_1\new\UART.vhd:]
WARNING: [filemgmt 56-199] Attempt to get parsing info during refresh. "On-the-fly" syntax checking information may be incorrect. [C:\Users\Aquaton\Desktop\Новая папка\digital-electronics-1\project_UART\uart1\uart1.srcs\sources_1\new\Receiver.vhd:]
WARNING: [filemgmt 56-199] Attempt to get parsing info during refresh. "On-the-fly" syntax checking information may be incorrect. [C:\Users\Aquaton\Desktop\Новая папка\digital-electronics-1\project_UART\uart1\uart1.srcs\sources_1\new\baud.vhd:]
WARNING: [filemgmt 56-199] Attempt to get parsing info during refresh. "On-the-fly" syntax checking information may be incorrect. [C:\Users\Aquaton\Desktop\Новая папка\digital-electronics-1\project_UART\uart1\uart1.srcs\sources_1\new\Nexys_FPGA.vhd:]
WARNING: [filemgmt 56-199] Attempt to get parsing info during refresh. "On-the-fly" syntax checking information may be incorrect. [C:\Users\Aquaton\Desktop\Новая папка\digital-electronics-1\project_UART\uart1\uart1.srcs\sources_1\new\Transmitter.vhd:]
WARNING: [filemgmt 56-199] Attempt to get parsing info during refresh. "On-the-fly" syntax checking information may be incorrect. [C:\Users\Aquaton\Desktop\Новая папка\digital-electronics-1\project_UART\uart1\uart1.srcs\sources_1\new\UART.vhd:]
WARNING: [filemgmt 56-199] Attempt to get parsing info during refresh. "On-the-fly" syntax checking information may be incorrect. [C:\Users\Aquaton\Desktop\Новая папка\digital-electronics-1\project_UART\uart1\uart1.srcs\sources_1\new\Receiver.vhd:]
WARNING: [filemgmt 56-199] Attempt to get parsing info during refresh. "On-the-fly" syntax checking information may be incorrect. [C:\Users\Aquaton\Desktop\Новая папка\digital-electronics-1\project_UART\uart1\uart1.srcs\sources_1\new\baud.vhd:]
WARNING: [filemgmt 56-199] Attempt to get parsing info during refresh. "On-the-fly" syntax checking information may be incorrect. [C:\Users\Aquaton\Desktop\Новая папка\digital-electronics-1\project_UART\uart1\uart1.srcs\sources_1\new\Nexys_FPGA.vhd:]
WARNING: [filemgmt 56-199] Attempt to get parsing info during refresh. "On-the-fly" syntax checking information may be incorrect. [C:\Users\Aquaton\Desktop\Новая папка\digital-electronics-1\project_UART\uart1\uart1.srcs\sources_1\new\Transmitter.vhd:]
ERROR: [Common 17-180] Spawn failed: Illegal byte sequence
WARNING: [filemgmt 56-199] Attempt to get parsing info during refresh. "On-the-fly" syntax checking information may be incorrect. [C:\Users\Aquaton\Desktop\Новая папка\digital-electronics-1\project_UART\uart1\uart1.srcs\sources_1\new\UART.vhd:]
WARNING: [filemgmt 56-199] Attempt to get parsing info during refresh. "On-the-fly" syntax checking information may be incorrect. [C:\Users\Aquaton\Desktop\Новая папка\digital-electronics-1\project_UART\uart1\uart1.srcs\sources_1\new\Receiver.vhd:]
WARNING: [filemgmt 56-199] Attempt to get parsing info during refresh. "On-the-fly" syntax checking information may be incorrect. [C:\Users\Aquaton\Desktop\Новая папка\digital-electronics-1\project_UART\uart1\uart1.srcs\sources_1\new\baud.vhd:]
WARNING: [filemgmt 56-199] Attempt to get parsing info during refresh. "On-the-fly" syntax checking information may be incorrect. [C:\Users\Aquaton\Desktop\Новая папка\digital-electronics-1\project_UART\uart1\uart1.srcs\sources_1\new\Nexys_FPGA.vhd:]
WARNING: [filemgmt 56-199] Attempt to get parsing info during refresh. "On-the-fly" syntax checking information may be incorrect. [C:\Users\Aquaton\Desktop\Новая папка\digital-electronics-1\project_UART\uart1\uart1.srcs\sources_1\new\Transmitter.vhd:]
ERROR: [Common 17-180] Spawn failed: Illegal byte sequence
WARNING: [filemgmt 56-199] Attempt to get parsing info during refresh. "On-the-fly" syntax checking information may be incorrect. [C:\Users\Aquaton\Desktop\Новая папка\digital-electronics-1\project_UART\uart1\uart1.srcs\sources_1\new\UART.vhd:]
WARNING: [filemgmt 56-199] Attempt to get parsing info during refresh. "On-the-fly" syntax checking information may be incorrect. [C:\Users\Aquaton\Desktop\Новая папка\digital-electronics-1\project_UART\uart1\uart1.srcs\sources_1\new\Receiver.vhd:]
WARNING: [filemgmt 56-199] Attempt to get parsing info during refresh. "On-the-fly" syntax checking information may be incorrect. [C:\Users\Aquaton\Desktop\Новая папка\digital-electronics-1\project_UART\uart1\uart1.srcs\sources_1\new\baud.vhd:]
WARNING: [filemgmt 56-199] Attempt to get parsing info during refresh. "On-the-fly" syntax checking information may be incorrect. [C:\Users\Aquaton\Desktop\Новая папка\digital-electronics-1\project_UART\uart1\uart1.srcs\sources_1\new\Nexys_FPGA.vhd:]
WARNING: [filemgmt 56-199] Attempt to get parsing info during refresh. "On-the-fly" syntax checking information may be incorrect. [C:\Users\Aquaton\Desktop\Новая папка\digital-electronics-1\project_UART\uart1\uart1.srcs\sources_1\new\Transmitter.vhd:]
WARNING: [filemgmt 56-199] Attempt to get parsing info during refresh. "On-the-fly" syntax checking information may be incorrect. [C:\Users\Aquaton\Desktop\Новая папка\digital-electronics-1\project_UART\uart1\uart1.srcs\sources_1\new\UART.vhd:]
WARNING: [filemgmt 56-199] Attempt to get parsing info during refresh. "On-the-fly" syntax checking information may be incorrect. [C:\Users\Aquaton\Desktop\Новая папка\digital-electronics-1\project_UART\uart1\uart1.srcs\sources_1\new\Receiver.vhd:]
WARNING: [filemgmt 56-199] Attempt to get parsing info during refresh. "On-the-fly" syntax checking information may be incorrect. [C:\Users\Aquaton\Desktop\Новая папка\digital-electronics-1\project_UART\uart1\uart1.srcs\sources_1\new\baud.vhd:]
WARNING: [filemgmt 56-199] Attempt to get parsing info during refresh. "On-the-fly" syntax checking information may be incorrect. [C:\Users\Aquaton\Desktop\Новая папка\digital-electronics-1\project_UART\uart1\uart1.srcs\sources_1\new\Nexys_FPGA.vhd:]
WARNING: [filemgmt 56-199] Attempt to get parsing info during refresh. "On-the-fly" syntax checking information may be incorrect. [C:\Users\Aquaton\Desktop\Новая папка\digital-electronics-1\project_UART\uart1\uart1.srcs\sources_1\new\Transmitter.vhd:]
WARNING: [filemgmt 56-199] Attempt to get parsing info during refresh. "On-the-fly" syntax checking information may be incorrect. [C:\Users\Aquaton\Desktop\Новая папка\digital-electronics-1\project_UART\uart1\uart1.srcs\sources_1\new\UART.vhd:]
WARNING: [filemgmt 56-199] Attempt to get parsing info during refresh. "On-the-fly" syntax checking information may be incorrect. [C:\Users\Aquaton\Desktop\Новая папка\digital-electronics-1\project_UART\uart1\uart1.srcs\sources_1\new\Receiver.vhd:]
WARNING: [filemgmt 56-199] Attempt to get parsing info during refresh. "On-the-fly" syntax checking information may be incorrect. [C:\Users\Aquaton\Desktop\Новая папка\digital-electronics-1\project_UART\uart1\uart1.srcs\sources_1\new\baud.vhd:]
WARNING: [filemgmt 56-199] Attempt to get parsing info during refresh. "On-the-fly" syntax checking information may be incorrect. [C:\Users\Aquaton\Desktop\Новая папка\digital-electronics-1\project_UART\uart1\uart1.srcs\sources_1\new\Nexys_FPGA.vhd:]
WARNING: [filemgmt 56-199] Attempt to get parsing info during refresh. "On-the-fly" syntax checking information may be incorrect. [C:\Users\Aquaton\Desktop\Новая папка\digital-electronics-1\project_UART\uart1\uart1.srcs\sources_1\new\Transmitter.vhd:]
INFO: [Common 17-14] Message 'filemgmt 56-199' appears 100 times and further instances of the messages will be disabled. Use the Tcl command set_msg_config to change the current settings.
ERROR: [Common 17-180] Spawn failed: Illegal byte sequence
ERROR: [Common 17-180] Spawn failed: Illegal byte sequence
ERROR: [Common 17-180] Spawn failed: Illegal byte sequence
ERROR: [Common 17-180] Spawn failed: Illegal byte sequence
ERROR: [Common 17-180] Spawn failed: Illegal byte sequence
ERROR: [Common 17-180] Spawn failed: Illegal byte sequence
ERROR: [Common 17-180] Spawn failed: Illegal byte sequence
ERROR: [Common 17-180] Spawn failed: Illegal byte sequence
ERROR: [Common 17-180] Spawn failed: Illegal byte sequence
ERROR: [Common 17-180] Spawn failed: Illegal byte sequence
ERROR: [Common 17-180] Spawn failed: Illegal byte sequence
ERROR: [Common 17-180] Spawn failed: Illegal byte sequence
ERROR: [Common 17-180] Spawn failed: Illegal byte sequence
ERROR: [Common 17-180] Spawn failed: Illegal byte sequence
ERROR: [Common 17-180] Spawn failed: Illegal byte sequence
ERROR: [Common 17-180] Spawn failed: Illegal byte sequence
ERROR: [Common 17-180] Spawn failed: Illegal byte sequence
ERROR: [Common 17-180] Spawn failed: Illegal byte sequence
ERROR: [Common 17-180] Spawn failed: Illegal byte sequence
ERROR: [Common 17-180] Spawn failed: Illegal byte sequence
ERROR: [Common 17-180] Spawn failed: Illegal byte sequence
ERROR: [Common 17-180] Spawn failed: Illegal byte sequence
ERROR: [Common 17-180] Spawn failed: Illegal byte sequence
ERROR: [Common 17-180] Spawn failed: Illegal byte sequence
ERROR: [Common 17-180] Spawn failed: Illegal byte sequence
ERROR: [Common 17-180] Spawn failed: Illegal byte sequence
ERROR: [Common 17-180] Spawn failed: Illegal byte sequence
ERROR: [Common 17-180] Spawn failed: Illegal byte sequence
ERROR: [Common 17-180] Spawn failed: Illegal byte sequence
ERROR: [Common 17-180] Spawn failed: Illegal byte sequence
ERROR: [Common 17-180] Spawn failed: Illegal byte sequence
ERROR: [Common 17-180] Spawn failed: Illegal byte sequence
ERROR: [Common 17-180] Spawn failed: Illegal byte sequence
ERROR: [Common 17-180] Spawn failed: Illegal byte sequence
ERROR: [Common 17-180] Spawn failed: Illegal byte sequence
ERROR: [Common 17-180] Spawn failed: Illegal byte sequence
ERROR: [Common 17-180] Spawn failed: Illegal byte sequence
ERROR: [Common 17-180] Spawn failed: Illegal byte sequence
ERROR: [Common 17-180] Spawn failed: Illegal byte sequence
ERROR: [Common 17-180] Spawn failed: Illegal byte sequence
WARNING: [filemgmt 56-199] Attempt to get parsing info during refresh. "On-the-fly" syntax checking information may be incorrect. [C:\Users\Aquaton\Desktop\Новая папка\digital-electronics-1\project_UART\uart1\uart1.srcs\sources_1\new\UART.vhd:]
WARNING: [filemgmt 56-199] Attempt to get parsing info during refresh. "On-the-fly" syntax checking information may be incorrect. [C:\Users\Aquaton\Desktop\Новая папка\digital-electronics-1\project_UART\uart1\uart1.srcs\sources_1\new\Receiver.vhd:]
WARNING: [filemgmt 56-199] Attempt to get parsing info during refresh. "On-the-fly" syntax checking information may be incorrect. [C:\Users\Aquaton\Desktop\Новая папка\digital-electronics-1\project_UART\uart1\uart1.srcs\sources_1\new\baud.vhd:]
WARNING: [filemgmt 56-199] Attempt to get parsing info during refresh. "On-the-fly" syntax checking information may be incorrect. [C:\Users\Aquaton\Desktop\Новая папка\digital-electronics-1\project_UART\uart1\uart1.srcs\sources_1\new\Nexys_FPGA.vhd:]
WARNING: [filemgmt 56-199] Attempt to get parsing info during refresh. "On-the-fly" syntax checking information may be incorrect. [C:\Users\Aquaton\Desktop\Новая папка\digital-electronics-1\project_UART\uart1\uart1.srcs\sources_1\new\Transmitter.vhd:]
WARNING: [filemgmt 56-199] Attempt to get parsing info during refresh. "On-the-fly" syntax checking information may be incorrect. [C:\Users\Aquaton\Desktop\Новая папка\digital-electronics-1\project_UART\uart1\uart1.srcs\sources_1\new\UART.vhd:]
WARNING: [filemgmt 56-199] Attempt to get parsing info during refresh. "On-the-fly" syntax checking information may be incorrect. [C:\Users\Aquaton\Desktop\Новая папка\digital-electronics-1\project_UART\uart1\uart1.srcs\sources_1\new\Receiver.vhd:]
WARNING: [filemgmt 56-199] Attempt to get parsing info during refresh. "On-the-fly" syntax checking information may be incorrect. [C:\Users\Aquaton\Desktop\Новая папка\digital-electronics-1\project_UART\uart1\uart1.srcs\sources_1\new\baud.vhd:]
WARNING: [filemgmt 56-199] Attempt to get parsing info during refresh. "On-the-fly" syntax checking information may be incorrect. [C:\Users\Aquaton\Desktop\Новая папка\digital-electronics-1\project_UART\uart1\uart1.srcs\sources_1\new\Nexys_FPGA.vhd:]
WARNING: [filemgmt 56-199] Attempt to get parsing info during refresh. "On-the-fly" syntax checking information may be incorrect. [C:\Users\Aquaton\Desktop\Новая папка\digital-electronics-1\project_UART\uart1\uart1.srcs\sources_1\new\Transmitter.vhd:]
WARNING: [filemgmt 56-199] Attempt to get parsing info during refresh. "On-the-fly" syntax checking information may be incorrect. [C:\Users\Aquaton\Desktop\Новая папка\digital-electronics-1\project_UART\uart1\uart1.srcs\sources_1\new\UART.vhd:]
WARNING: [filemgmt 56-199] Attempt to get parsing info during refresh. "On-the-fly" syntax checking information may be incorrect. [C:\Users\Aquaton\Desktop\Новая папка\digital-electronics-1\project_UART\uart1\uart1.srcs\sources_1\new\Receiver.vhd:]
WARNING: [filemgmt 56-199] Attempt to get parsing info during refresh. "On-the-fly" syntax checking information may be incorrect. [C:\Users\Aquaton\Desktop\Новая папка\digital-electronics-1\project_UART\uart1\uart1.srcs\sources_1\new\baud.vhd:]
WARNING: [filemgmt 56-199] Attempt to get parsing info during refresh. "On-the-fly" syntax checking information may be incorrect. [C:\Users\Aquaton\Desktop\Новая папка\digital-electronics-1\project_UART\uart1\uart1.srcs\sources_1\new\Nexys_FPGA.vhd:]
WARNING: [filemgmt 56-199] Attempt to get parsing info during refresh. "On-the-fly" syntax checking information may be incorrect. [C:\Users\Aquaton\Desktop\Новая папка\digital-electronics-1\project_UART\uart1\uart1.srcs\sources_1\new\Transmitter.vhd:]
WARNING: [filemgmt 56-199] Attempt to get parsing info during refresh. "On-the-fly" syntax checking information may be incorrect. [C:\Users\Aquaton\Desktop\Новая папка\digital-electronics-1\project_UART\uart1\uart1.srcs\sources_1\new\UART.vhd:]
WARNING: [filemgmt 56-199] Attempt to get parsing info during refresh. "On-the-fly" syntax checking information may be incorrect. [C:\Users\Aquaton\Desktop\Новая папка\digital-electronics-1\project_UART\uart1\uart1.srcs\sources_1\new\Receiver.vhd:]
WARNING: [filemgmt 56-199] Attempt to get parsing info during refresh. "On-the-fly" syntax checking information may be incorrect. [C:\Users\Aquaton\Desktop\Новая папка\digital-electronics-1\project_UART\uart1\uart1.srcs\sources_1\new\baud.vhd:]
WARNING: [filemgmt 56-199] Attempt to get parsing info during refresh. "On-the-fly" syntax checking information may be incorrect. [C:\Users\Aquaton\Desktop\Новая папка\digital-electronics-1\project_UART\uart1\uart1.srcs\sources_1\new\Nexys_FPGA.vhd:]
WARNING: [filemgmt 56-199] Attempt to get parsing info during refresh. "On-the-fly" syntax checking information may be incorrect. [C:\Users\Aquaton\Desktop\Новая папка\digital-electronics-1\project_UART\uart1\uart1.srcs\sources_1\new\Transmitter.vhd:]
WARNING: [filemgmt 56-199] Attempt to get parsing info during refresh. "On-the-fly" syntax checking information may be incorrect. [C:\Users\Aquaton\Desktop\Новая папка\digital-electronics-1\project_UART\uart1\uart1.srcs\sources_1\new\UART.vhd:]
WARNING: [filemgmt 56-199] Attempt to get parsing info during refresh. "On-the-fly" syntax checking information may be incorrect. [C:\Users\Aquaton\Desktop\Новая папка\digital-electronics-1\project_UART\uart1\uart1.srcs\sources_1\new\Receiver.vhd:]
WARNING: [filemgmt 56-199] Attempt to get parsing info during refresh. "On-the-fly" syntax checking information may be incorrect. [C:\Users\Aquaton\Desktop\Новая папка\digital-electronics-1\project_UART\uart1\uart1.srcs\sources_1\new\baud.vhd:]
WARNING: [filemgmt 56-199] Attempt to get parsing info during refresh. "On-the-fly" syntax checking information may be incorrect. [C:\Users\Aquaton\Desktop\Новая папка\digital-electronics-1\project_UART\uart1\uart1.srcs\sources_1\new\Nexys_FPGA.vhd:]
WARNING: [filemgmt 56-199] Attempt to get parsing info during refresh. "On-the-fly" syntax checking information may be incorrect. [C:\Users\Aquaton\Desktop\Новая папка\digital-electronics-1\project_UART\uart1\uart1.srcs\sources_1\new\Transmitter.vhd:]
WARNING: [filemgmt 56-199] Attempt to get parsing info during refresh. "On-the-fly" syntax checking information may be incorrect. [C:\Users\Aquaton\Desktop\Новая папка\digital-electronics-1\project_UART\uart1\uart1.srcs\sources_1\new\UART.vhd:]
WARNING: [filemgmt 56-199] Attempt to get parsing info during refresh. "On-the-fly" syntax checking information may be incorrect. [C:\Users\Aquaton\Desktop\Новая папка\digital-electronics-1\project_UART\uart1\uart1.srcs\sources_1\new\Receiver.vhd:]
WARNING: [filemgmt 56-199] Attempt to get parsing info during refresh. "On-the-fly" syntax checking information may be incorrect. [C:\Users\Aquaton\Desktop\Новая папка\digital-electronics-1\project_UART\uart1\uart1.srcs\sources_1\new\baud.vhd:]
WARNING: [filemgmt 56-199] Attempt to get parsing info during refresh. "On-the-fly" syntax checking information may be incorrect. [C:\Users\Aquaton\Desktop\Новая папка\digital-electronics-1\project_UART\uart1\uart1.srcs\sources_1\new\Nexys_FPGA.vhd:]
WARNING: [filemgmt 56-199] Attempt to get parsing info during refresh. "On-the-fly" syntax checking information may be incorrect. [C:\Users\Aquaton\Desktop\Новая папка\digital-electronics-1\project_UART\uart1\uart1.srcs\sources_1\new\Transmitter.vhd:]
WARNING: [filemgmt 56-199] Attempt to get parsing info during refresh. "On-the-fly" syntax checking information may be incorrect. [C:\Users\Aquaton\Desktop\Новая папка\digital-electronics-1\project_UART\uart1\uart1.srcs\sources_1\new\UART.vhd:]
WARNING: [filemgmt 56-199] Attempt to get parsing info during refresh. "On-the-fly" syntax checking information may be incorrect. [C:\Users\Aquaton\Desktop\Новая папка\digital-electronics-1\project_UART\uart1\uart1.srcs\sources_1\new\Receiver.vhd:]
WARNING: [filemgmt 56-199] Attempt to get parsing info during refresh. "On-the-fly" syntax checking information may be incorrect. [C:\Users\Aquaton\Desktop\Новая папка\digital-electronics-1\project_UART\uart1\uart1.srcs\sources_1\new\baud.vhd:]
WARNING: [filemgmt 56-199] Attempt to get parsing info during refresh. "On-the-fly" syntax checking information may be incorrect. [C:\Users\Aquaton\Desktop\Новая папка\digital-electronics-1\project_UART\uart1\uart1.srcs\sources_1\new\Nexys_FPGA.vhd:]
WARNING: [filemgmt 56-199] Attempt to get parsing info during refresh. "On-the-fly" syntax checking information may be incorrect. [C:\Users\Aquaton\Desktop\Новая папка\digital-electronics-1\project_UART\uart1\uart1.srcs\sources_1\new\Transmitter.vhd:]
WARNING: [filemgmt 56-199] Attempt to get parsing info during refresh. "On-the-fly" syntax checking information may be incorrect. [C:\Users\Aquaton\Desktop\Новая папка\digital-electronics-1\project_UART\uart1\uart1.srcs\sources_1\new\UART.vhd:]
WARNING: [filemgmt 56-199] Attempt to get parsing info during refresh. "On-the-fly" syntax checking information may be incorrect. [C:\Users\Aquaton\Desktop\Новая папка\digital-electronics-1\project_UART\uart1\uart1.srcs\sources_1\new\Receiver.vhd:]
WARNING: [filemgmt 56-199] Attempt to get parsing info during refresh. "On-the-fly" syntax checking information may be incorrect. [C:\Users\Aquaton\Desktop\Новая папка\digital-electronics-1\project_UART\uart1\uart1.srcs\sources_1\new\baud.vhd:]
WARNING: [filemgmt 56-199] Attempt to get parsing info during refresh. "On-the-fly" syntax checking information may be incorrect. [C:\Users\Aquaton\Desktop\Новая папка\digital-electronics-1\project_UART\uart1\uart1.srcs\sources_1\new\Nexys_FPGA.vhd:]
WARNING: [filemgmt 56-199] Attempt to get parsing info during refresh. "On-the-fly" syntax checking information may be incorrect. [C:\Users\Aquaton\Desktop\Новая папка\digital-electronics-1\project_UART\uart1\uart1.srcs\sources_1\new\Transmitter.vhd:]
exit
INFO: [Common 17-206] Exiting Vivado at Sun Apr 16 01:47:41 2023...
